2023-11-18 16:41:57 Loading main app package /tmp/.mount_ObsidiEqogee/resources/obsidian.asar
2023-11-18 16:41:57 Checking for update using Github
2023-11-18 16:41:58 Success.
2023-11-18 16:41:58 Latest version is 1.4.16
2023-11-18 16:41:58 App is up to date.
2023-11-18 16:43:41 Loading main app package /tmp/.mount_Obsidis3mJ6z/resources/obsidian.asar
2023-11-18 16:43:42 Checking for update using Github
2023-11-18 16:43:42 Success.
2023-11-18 16:43:42 Latest version is 1.4.16
2023-11-18 16:43:42 App is up to date.
2023-11-18 16:43:43 Loading main app package /tmp/.mount_ObsidiCCR5DP/resources/obsidian.asar
2023-11-18 16:43:43 Loading main app package /tmp/.mount_Obsidi4R5A1d/resources/obsidian.asar
2023-11-18 16:43:43 Checking for update using Github
2023-11-18 16:43:43 Checking for update using Github
2023-11-18 16:43:47 Loading main app package /tmp/.mount_Obsidi0j0c9W/resources/obsidian.asar
2023-11-18 16:43:47 Checking for update using Github
2023-11-18 16:43:47 Success.
2023-11-18 16:43:47 Latest version is 1.4.16
2023-11-18 16:43:47 App is up to date.
2023-11-18 16:45:02 Loading main app package /tmp/.mount_ObsidiQV0opB/resources/obsidian.asar
2023-11-18 16:45:02 Checking for update using Github
2023-11-18 16:45:02 Success.
2023-11-18 16:45:02 Latest version is 1.4.16
2023-11-18 16:45:02 App is up to date.
